Starting parallel pool (parpool) using the 'Processes' profile ...
Connected to parallel pool with 24 workers.
Copying objective function to workers...
Done copying objective function to workers.
[Warning: MATLAB has disabled some advanced graphics rendering features by
switching to software OpenGL. For more information, click <a
href="matlab:opengl('problems')">here</a>.] 
|=======================================================================================================================================================================================================================================|
| Iter | Active  | Eval   | Objective   | Objective   | BestSoFar   | BestSoFar   |  FilterSize1 |  NumFilters1 |  FilterSize2 |  NumFilters2 |   StrideVal1 |   StrideVal2 |  FCLayerSize |      Dropout | InitialLearn-| MiniBatchSize|
|      | workers | result |             | runtime     | (observed)  | (estim.)    |              |              |              |              |              |              |              |              | Rate         |              |
|=======================================================================================================================================================================================================================================|
|    1 |      24 | Best   |     0.38889 |      2500.2 |     0.38889 |     0.38889 |            6 |            8 |            6 |           40 |            3 |            2 |           24 |      0.27082 |   0.00018738 |           19 |
|    2 |      24 | Accept |     0.40278 |      2618.2 |     0.38889 |     0.38959 |            4 |           16 |            6 |           24 |            3 |            3 |           63 |      0.29033 |   6.4836e-05 |           18 |
|    3 |      24 | Accept |         0.5 |      2678.8 |     0.38889 |     0.38892 |            3 |           13 |            4 |           21 |            2 |            3 |           18 |      0.48345 |   0.00021801 |           19 |
|    4 |      24 | Accept |     0.43056 |      3561.5 |     0.38889 |     0.38893 |            5 |           11 |            5 |           32 |            2 |            2 |           64 |      0.42656 |   0.00011372 |           23 |
|    5 |      24 | Accept |         0.5 |      3754.1 |     0.38889 |      0.3889 |            6 |           16 |            3 |           39 |            2 |            2 |           30 |      0.46551 |   0.00013855 |           21 |
|    6 |      24 | Accept |         0.5 |      4237.8 |     0.38889 |      0.3889 |            4 |           12 |            5 |           46 |            2 |            1 |           31 |      0.46378 |   9.6656e-05 |           22 |
|    7 |      24 | Accept |     0.41667 |      4264.6 |     0.38889 |      0.3889 |            4 |           14 |            5 |           42 |            2 |            3 |           56 |      0.38677 |   1.3766e-05 |           21 |
|    8 |      24 | Accept |     0.40278 |      4381.6 |     0.38889 |      0.3889 |            6 |           12 |            5 |           50 |            3 |            3 |           36 |      0.48757 |   1.7998e-05 |           20 |
|    9 |      24 | Accept |     0.41667 |      4600.7 |     0.38889 |     0.38889 |            5 |           15 |            5 |           52 |            2 |            3 |           51 |      0.21687 |   8.0756e-05 |           16 |
|   10 |      24 | Accept |     0.40278 |        5350 |     0.38889 |     0.38889 |            4 |           14 |            4 |           24 |            2 |            3 |           61 |      0.26919 |   3.6077e-06 |           18 |
|   11 |      24 | Best   |     0.30556 |      5554.1 |     0.30556 |     0.30558 |            6 |           13 |            6 |           21 |            3 |            3 |           34 |       0.2861 |   7.1312e-06 |           24 |
|   12 |      24 | Accept |     0.40278 |      5813.4 |     0.30556 |     0.30557 |            6 |           16 |            6 |           56 |            2 |            3 |           54 |       0.3881 |   0.00016693 |           23 |
|   13 |      24 | Accept |     0.41667 |      5931.2 |     0.30556 |     0.30557 |            3 |            8 |            5 |           62 |            2 |            2 |           47 |      0.26478 |   5.2363e-06 |           20 |
|   14 |      24 | Accept |         0.5 |      2172.8 |     0.30556 |     0.30558 |            6 |            8 |            4 |           38 |            3 |            2 |           22 |      0.36988 |   0.00012724 |           18 |
|   15 |      24 | Accept |     0.47222 |      6539.4 |     0.30556 |     0.30558 |            5 |            8 |            5 |           62 |            2 |            1 |           21 |      0.42356 |   1.3883e-05 |           19 |
|   16 |      24 | Accept |     0.41667 |        2503 |     0.30556 |     0.30557 |            4 |           15 |            6 |           17 |            3 |            3 |           53 |      0.20091 |   0.00013077 |           21 |
|   17 |      24 | Accept |     0.38889 |      8209.9 |     0.30556 |     0.30581 |            6 |           16 |            3 |           25 |            3 |            2 |           57 |      0.36391 |   1.6356e-06 |           20 |
|   18 |      24 | Accept |       0.375 |      8264.8 |     0.30556 |     0.30557 |            5 |            9 |            4 |           41 |            2 |            3 |           17 |      0.41894 |   2.2523e-06 |           19 |
|   19 |      24 | Accept |     0.43056 |      9015.8 |     0.30556 |     0.30558 |            4 |           10 |            6 |           48 |            2 |            1 |           42 |      0.36796 |   1.0634e-06 |           19 |
|   20 |      24 | Accept |         0.5 |      6426.1 |     0.30556 |     0.30558 |            5 |           13 |            4 |           27 |            1 |            2 |           60 |       0.3847 |   0.00012583 |           20 |
|=======================================================================================================================================================================================================================================|
| Iter | Active  | Eval   | Objective   | Objective   | BestSoFar   | BestSoFar   |  FilterSize1 |  NumFilters1 |  FilterSize2 |  NumFilters2 |   StrideVal1 |   StrideVal2 |  FCLayerSize |      Dropout | InitialLearn-| MiniBatchSize|
|      | workers | result |             | runtime     | (observed)  | (estim.)    |              |              |              |              |              |              |              |              | Rate         |              |
|=======================================================================================================================================================================================================================================|
|   21 |      24 | Accept |       0.375 |      5530.7 |     0.30556 |     0.30557 |            5 |           14 |            5 |           37 |            2 |            3 |           25 |       0.2479 |   1.8969e-05 |           22 |
|   22 |      24 | Accept |     0.33333 |      4082.1 |     0.30556 |     0.30557 |            3 |           10 |            5 |           16 |            2 |            1 |           53 |      0.32223 |   2.1138e-06 |           18 |
|   23 |      24 | Accept |     0.40278 |      4836.7 |     0.30556 |     0.30557 |            5 |           13 |            7 |           41 |            3 |            1 |           41 |      0.25753 |   1.1862e-06 |           22 |
|   24 |      24 | Accept |     0.40278 |      4385.8 |     0.30556 |     0.30557 |            6 |            9 |            3 |           56 |            3 |            3 |           16 |      0.25936 |   4.2553e-06 |           24 |
|   25 |      24 | Accept |     0.43056 |      3881.6 |     0.30556 |     0.30557 |            6 |           10 |            6 |           52 |            3 |            2 |           16 |      0.31077 |   3.6663e-05 |           24 |
|   26 |      24 | Accept |     0.41667 |      4943.9 |     0.30556 |     0.30557 |            5 |           16 |            6 |           56 |            3 |            1 |           16 |      0.29776 |   3.4492e-06 |           19 |
|   27 |      24 | Accept |     0.38889 |      9394.3 |     0.30556 |     0.30556 |            7 |           15 |            3 |           47 |            2 |            3 |           58 |      0.20002 |     0.000108 |           20 |
|   28 |      24 | Accept |         0.5 |      7299.3 |     0.30556 |     0.30556 |            6 |           14 |            4 |           37 |            3 |            2 |           17 |      0.45609 |   0.00048129 |           23 |
|   29 |      24 | Accept |     0.41667 |      4156.8 |     0.30556 |     0.30556 |            6 |           14 |            4 |           19 |            3 |            1 |           62 |       0.3076 |   8.0898e-06 |           24 |
|   30 |      24 | Accept |     0.41667 |      7268.7 |     0.30556 |     0.30557 |            6 |           15 |            6 |           42 |            3 |            3 |           19 |      0.20162 |   5.6914e-05 |           22 |
|   31 |      24 | Accept |     0.40278 |       15646 |     0.30556 |     0.33423 |            5 |           10 |            5 |           56 |            1 |            2 |           30 |      0.33482 |   5.6847e-05 |           20 |
|   32 |      24 | Accept |         0.5 |       12039 |     0.30556 |     0.30557 |            5 |           11 |            4 |           64 |            1 |            2 |           29 |      0.22911 |   3.7576e-06 |           17 |
|   33 |      24 | Accept |     0.34722 |      7586.5 |     0.30556 |     0.33475 |            6 |            9 |            4 |           50 |            3 |            3 |           28 |      0.25417 |    2.909e-06 |           21 |
|   34 |      24 | Accept |         0.5 |      2927.9 |     0.30556 |     0.30557 |            6 |           16 |            7 |           34 |            3 |            1 |           58 |      0.28714 |   0.00036244 |           16 |
|   35 |      24 | Accept |     0.34722 |      3303.4 |     0.30556 |     0.30557 |            7 |            9 |            7 |           28 |            3 |            3 |           22 |      0.20076 |   1.0772e-05 |           19 |
|   36 |      24 | Accept |     0.48611 |      4067.4 |     0.30556 |     0.30557 |            7 |           11 |            7 |           41 |            2 |            3 |           24 |      0.47676 |   2.0772e-05 |           22 |
|   37 |      24 | Accept |     0.36111 |      3377.8 |     0.30556 |     0.30557 |            7 |           13 |            6 |           26 |            2 |            3 |           44 |      0.22918 |   4.2048e-06 |           16 |
|   38 |      24 | Accept |     0.33333 |      8579.4 |     0.30556 |     0.34511 |            7 |           11 |            7 |           17 |            2 |            3 |           17 |      0.25979 |   1.4617e-06 |           18 |
|   39 |      24 | Accept |     0.44444 |      2265.8 |     0.30556 |     0.30556 |            3 |            8 |            6 |           20 |            3 |            3 |           28 |      0.20972 |   3.8199e-06 |           21 |
|   40 |      24 | Accept |     0.45833 |      2981.1 |     0.30556 |     0.34216 |            7 |            8 |            6 |           17 |            3 |            3 |           58 |      0.45789 |   1.5902e-05 |           23 |
|=======================================================================================================================================================================================================================================|
| Iter | Active  | Eval   | Objective   | Objective   | BestSoFar   | BestSoFar   |  FilterSize1 |  NumFilters1 |  FilterSize2 |  NumFilters2 |   StrideVal1 |   StrideVal2 |  FCLayerSize |      Dropout | InitialLearn-| MiniBatchSize|
|      | workers | result |             | runtime     | (observed)  | (estim.)    |              |              |              |              |              |              |              |              | Rate         |              |
|=======================================================================================================================================================================================================================================|
|   41 |      24 | Accept |     0.44444 |       20811 |     0.30556 |     0.30556 |            4 |           15 |            6 |           51 |            1 |            3 |           24 |      0.29443 |   4.5119e-06 |           16 |
|   42 |      24 | Accept |     0.36111 |      3592.3 |     0.30556 |     0.30556 |            5 |           10 |            6 |           16 |            3 |            2 |           59 |      0.33301 |   1.8612e-06 |           24 |
|   43 |      24 | Accept |     0.40278 |      7733.2 |     0.30556 |     0.30556 |            7 |           14 |            6 |           57 |            2 |            3 |           25 |      0.27908 |   1.0466e-06 |           18 |
|   44 |      24 | Accept |     0.36111 |       10418 |     0.30556 |     0.30557 |            7 |            9 |            7 |           46 |            2 |            3 |           40 |      0.22091 |   1.1225e-06 |           21 |
|   45 |      24 | Accept |       0.375 |      4603.9 |     0.30556 |     0.30557 |            7 |            8 |            6 |           16 |            3 |            2 |           29 |      0.27271 |   5.2151e-06 |           17 |
|   46 |      24 | Accept |     0.45833 |        1859 |     0.30556 |     0.33089 |            4 |            8 |            6 |           21 |            3 |            3 |           21 |      0.31645 |   3.6528e-06 |           17 |
|   47 |      24 | Accept |     0.45833 |       16468 |     0.30556 |     0.33311 |            5 |           13 |            5 |           61 |            1 |            2 |           40 |      0.43769 |   3.2821e-06 |           19 |
|   48 |      24 | Accept |     0.45833 |      7072.8 |     0.30556 |     0.30557 |            7 |           15 |            5 |           18 |            3 |            3 |           23 |      0.26316 |   2.8391e-06 |           19 |
|   49 |      24 | Accept |     0.33333 |      2014.9 |     0.30556 |     0.30557 |            3 |            8 |            5 |           17 |            3 |            2 |           52 |      0.30778 |   6.4174e-06 |           16 |
|   50 |      24 | Accept |     0.40278 |      9164.2 |     0.30556 |     0.30557 |            7 |           13 |            6 |           25 |            2 |            3 |           26 |      0.49409 |   3.1572e-06 |           17 |
|   51 |      24 | Accept |     0.41667 |      2605.3 |     0.30556 |     0.30558 |            5 |           15 |            5 |           34 |            3 |            3 |           30 |      0.26429 |   9.5347e-06 |           19 |
|   52 |      24 | Accept |     0.44444 |      7665.8 |     0.30556 |     0.37439 |            6 |           11 |            6 |           19 |            3 |            3 |           22 |      0.27653 |    1.325e-06 |           22 |
|   53 |      24 | Accept |     0.38889 |       16097 |     0.30556 |     0.37182 |            3 |           13 |            4 |           45 |            1 |            2 |           45 |      0.29333 |   0.00014479 |           20 |
|   54 |      24 | Accept |     0.36111 |      5604.4 |     0.30556 |     0.30559 |            6 |           10 |            7 |           19 |            3 |            2 |           27 |      0.27961 |   2.6846e-05 |           17 |
|   55 |      24 | Accept |     0.34722 |      5221.9 |     0.30556 |     0.30558 |            6 |            9 |            6 |           17 |            3 |            3 |           44 |      0.48517 |      3.7e-06 |           21 |
|   56 |      24 | Accept |     0.36111 |      3710.6 |     0.30556 |     0.30557 |            3 |           13 |            6 |           17 |            3 |            2 |           31 |      0.32565 |   2.5078e-06 |           16 |
|   57 |      24 | Accept |       0.375 |      5376.6 |     0.30556 |     0.30557 |            6 |           11 |            6 |           19 |            2 |            3 |           20 |      0.26976 |   3.9473e-06 |           20 |
|   58 |      24 | Accept |     0.44444 |      3981.7 |     0.30556 |     0.30558 |            6 |           14 |            5 |           16 |            2 |            3 |           59 |      0.25595 |   9.6402e-06 |           17 |
|   59 |      24 | Accept |     0.40278 |      3621.1 |     0.30556 |     0.30558 |            5 |           14 |            4 |           19 |            3 |            3 |           34 |      0.28487 |   2.8762e-06 |           16 |
|   60 |      24 | Accept |     0.38889 |        5515 |     0.30556 |     0.30558 |            6 |           14 |            5 |           32 |            3 |            3 |           63 |      0.27894 |   2.7441e-06 |           17 |
|=======================================================================================================================================================================================================================================|
| Iter | Active  | Eval   | Objective   | Objective   | BestSoFar   | BestSoFar   |  FilterSize1 |  NumFilters1 |  FilterSize2 |  NumFilters2 |   StrideVal1 |   StrideVal2 |  FCLayerSize |      Dropout | InitialLearn-| MiniBatchSize|
|      | workers | result |             | runtime     | (observed)  | (estim.)    |              |              |              |              |              |              |              |              | Rate         |              |
|=======================================================================================================================================================================================================================================|
|   61 |      24 | Accept |     0.44444 |      4222.4 |     0.30556 |     0.30557 |            6 |            9 |            4 |           38 |            3 |            3 |           37 |      0.27355 |   3.1473e-06 |           18 |
|   62 |      24 | Accept |     0.41667 |      2423.5 |     0.30556 |      0.3151 |            6 |            8 |            6 |           27 |            3 |            2 |           39 |      0.30032 |   3.7656e-06 |           16 |
|   63 |      24 | Accept |     0.36111 |        3313 |     0.30556 |     0.31949 |            6 |           11 |            6 |           34 |            3 |            3 |           37 |      0.25242 |   1.8558e-05 |           18 |
|   64 |      24 | Accept |     0.41667 |      4852.9 |     0.30556 |     0.38098 |            7 |           10 |            4 |           26 |            3 |            3 |           28 |      0.28263 |   2.2272e-05 |           18 |
|   65 |      24 | Accept |     0.41667 |      4104.1 |     0.30556 |     0.30558 |            6 |           11 |            5 |           25 |            3 |            3 |           40 |      0.25999 |   3.9744e-06 |           20 |
|   66 |      24 | Accept |     0.38889 |        4679 |     0.30556 |     0.37784 |            7 |           11 |            7 |           21 |            3 |            3 |           28 |      0.25475 |   6.1047e-06 |           21 |
|   67 |      24 | Accept |     0.31944 |      4290.1 |     0.30556 |     0.30557 |            7 |           16 |            6 |           17 |            2 |            3 |           61 |      0.25175 |   6.4173e-06 |           22 |
|   68 |      24 | Accept |     0.44444 |      2094.9 |     0.30556 |     0.35731 |            3 |           10 |            6 |           17 |            2 |            3 |           37 |      0.26303 |   2.9871e-06 |           16 |
|   69 |      24 | Accept |       0.375 |      4277.4 |     0.30556 |     0.36027 |            6 |           11 |            6 |           48 |            3 |            3 |           39 |      0.25606 |   1.1608e-06 |           16 |
|   70 |      24 | Accept |     0.38889 |      2944.5 |     0.30556 |     0.36048 |            4 |           10 |            5 |           21 |            3 |            2 |           24 |      0.23005 |   4.8251e-06 |           19 |
|   71 |      24 | Accept |     0.47222 |      7109.5 |     0.30556 |     0.37234 |            7 |           14 |            7 |           25 |            3 |            3 |           41 |      0.27635 |    1.241e-06 |           16 |
|   72 |      24 | Accept |       0.375 |      6154.7 |     0.30556 |     0.36937 |            7 |           11 |            6 |           24 |            3 |            3 |           39 |      0.26218 |   2.1188e-05 |           20 |
|   73 |      24 | Accept |     0.41667 |      2583.8 |     0.30556 |     0.37029 |            3 |           14 |            3 |           22 |            2 |            2 |           40 |      0.29027 |   2.2112e-06 |           23 |
|   74 |      24 | Accept |     0.40278 |      5920.9 |     0.30556 |     0.37094 |            6 |           15 |            4 |           30 |            3 |            3 |           35 |      0.27414 |   3.5432e-06 |           16 |
|   75 |      24 | Accept |     0.45833 |      2190.9 |     0.30556 |     0.30557 |            4 |            9 |            7 |           19 |            3 |            2 |           40 |      0.30108 |   7.7334e-06 |           19 |
|   76 |      24 | Accept |       0.375 |        2236 |     0.30556 |     0.30557 |            3 |            9 |            6 |           17 |            3 |            3 |           35 |      0.38082 |   6.8765e-06 |           17 |
|   77 |      24 | Accept |       0.375 |      2606.5 |     0.30556 |     0.39132 |            4 |           14 |            6 |           18 |            3 |            1 |           40 |      0.31199 |   5.7357e-06 |           19 |
|   78 |      24 | Accept |         0.5 |      9259.5 |     0.30556 |     0.39213 |            3 |           14 |            5 |           64 |            2 |            3 |           17 |      0.43323 |   0.00048155 |           18 |
|   79 |      24 | Accept |     0.34722 |      2658.2 |     0.30556 |     0.39079 |            5 |           11 |            6 |           21 |            3 |            2 |           40 |      0.36907 |    3.506e-06 |           18 |
|   80 |      24 | Accept |     0.45833 |      1560.6 |     0.30556 |      0.3902 |            3 |           10 |            4 |           18 |            3 |            1 |           36 |      0.32501 |   8.3907e-06 |           18 |
|=======================================================================================================================================================================================================================================|
| Iter | Active  | Eval   | Objective   | Objective   | BestSoFar   | BestSoFar   |  FilterSize1 |  NumFilters1 |  FilterSize2 |  NumFilters2 |   StrideVal1 |   StrideVal2 |  FCLayerSize |      Dropout | InitialLearn-| MiniBatchSize|
|      | workers | result |             | runtime     | (observed)  | (estim.)    |              |              |              |              |              |              |              |              | Rate         |              |
|=======================================================================================================================================================================================================================================|
|   81 |      24 | Accept |     0.40278 |       22724 |     0.30556 |     0.39037 |            5 |           10 |            6 |           22 |            1 |            1 |           52 |      0.29419 |   4.1167e-06 |           19 |
|   82 |      24 | Accept |     0.40278 |      3632.1 |     0.30556 |     0.39169 |            4 |           13 |            6 |           20 |            3 |            1 |           48 |      0.23557 |    1.849e-06 |           17 |
|   83 |      24 | Accept |       0.375 |      2685.6 |     0.30556 |     0.39176 |            3 |           15 |            5 |           18 |            3 |            2 |           49 |      0.36284 |   1.3893e-06 |           17 |
|   84 |      24 | Accept |     0.41667 |      1824.3 |     0.30556 |     0.38679 |            3 |           11 |            7 |           20 |            3 |            2 |           38 |      0.20535 |   2.0298e-05 |           20 |
|   85 |      24 | Accept |     0.33333 |      1475.3 |     0.30556 |     0.36346 |            3 |           11 |            5 |           18 |            3 |            2 |           61 |      0.30428 |   1.2436e-05 |           23 |
|   86 |      24 | Accept |     0.47222 |      2279.2 |     0.30556 |     0.30557 |            6 |            9 |            6 |           19 |            3 |            3 |           34 |       0.2968 |   1.1907e-05 |           19 |
|   87 |      24 | Accept |     0.45833 |      2839.6 |     0.30556 |     0.30557 |            5 |            9 |            4 |           22 |            3 |            1 |           37 |       0.2615 |   1.2312e-05 |           22 |
|   88 |      24 | Accept |     0.38889 |      3891.6 |     0.30556 |     0.30557 |            4 |           16 |            5 |           16 |            3 |            2 |           45 |      0.39926 |   3.5491e-06 |           20 |
|   89 |      24 | Accept |     0.41667 |        1572 |     0.30556 |     0.30557 |            3 |            8 |            5 |           20 |            3 |            2 |           57 |      0.33526 |   3.6723e-06 |           20 |
|   90 |      24 | Accept |     0.40278 |      1323.3 |     0.30556 |     0.30557 |            3 |            9 |            6 |           17 |            3 |            1 |           60 |      0.35069 |   1.3884e-06 |           21 |
|   91 |      24 | Accept |     0.34722 |      2199.8 |     0.30556 |     0.30557 |            3 |            9 |            5 |           19 |            3 |            2 |           36 |      0.30056 |   2.0682e-06 |           16 |
|   92 |      24 | Accept |     0.40278 |      1669.1 |     0.30556 |     0.30557 |            4 |           12 |            4 |           19 |            3 |            2 |           36 |      0.24713 |    1.166e-05 |           16 |
|   93 |      24 | Accept |     0.44444 |      1392.2 |     0.30556 |     0.30557 |            3 |            8 |            5 |           17 |            3 |            1 |           52 |      0.49891 |    1.839e-06 |           20 |
|   94 |      24 | Accept |     0.41667 |      1097.8 |     0.30556 |     0.30557 |            3 |            9 |            3 |           17 |            3 |            3 |           35 |      0.49536 |   0.00015773 |           22 |
|   95 |      24 | Accept |     0.38889 |      5061.8 |     0.30556 |     0.30557 |            6 |           15 |            7 |           22 |            3 |            2 |           39 |      0.31286 |   1.1364e-05 |           16 |
|   96 |      24 | Accept |         0.5 |      1649.1 |     0.30556 |     0.30557 |            4 |            8 |            3 |           25 |            3 |            3 |           48 |      0.26787 |   0.00032809 |           20 |
|   97 |      24 | Accept |     0.43056 |        4046 |     0.30556 |     0.30557 |            7 |           14 |            6 |           23 |            2 |            3 |           52 |      0.25413 |   1.0005e-05 |           23 |
|   98 |      24 | Accept |         0.5 |        3239 |     0.30556 |     0.38811 |            3 |            9 |            7 |           36 |            3 |            1 |           56 |      0.49129 |   0.00041146 |           17 |
|   99 |      24 | Accept |     0.47222 |      2763.3 |     0.30556 |     0.39518 |            6 |            8 |            6 |           25 |            3 |            3 |           53 |      0.32471 |   1.1604e-05 |           24 |
|  100 |      24 | Accept |     0.41667 |      2380.7 |     0.30556 |     0.39116 |            4 |            8 |            6 |           18 |            2 |            3 |           48 |      0.20745 |   0.00049906 |           16 |
|=======================================================================================================================================================================================================================================|
| Iter | Active  | Eval   | Objective   | Objective   | BestSoFar   | BestSoFar   |  FilterSize1 |  NumFilters1 |  FilterSize2 |  NumFilters2 |   StrideVal1 |   StrideVal2 |  FCLayerSize |      Dropout | InitialLearn-| MiniBatchSize|
|      | workers | result |             | runtime     | (observed)  | (estim.)    |              |              |              |              |              |              |              |              | Rate         |              |
|=======================================================================================================================================================================================================================================|
|  101 |      24 | Accept |         0.5 |      1626.1 |     0.30556 |      0.3896 |            4 |           11 |            7 |           18 |            3 |            2 |           38 |       0.4853 |   9.2604e-05 |           17 |
|  102 |      24 | Accept |     0.43056 |      4197.5 |     0.30556 |     0.39163 |            5 |            8 |            7 |           23 |            2 |            2 |           39 |       0.2455 |   7.9753e-06 |           24 |
|  103 |      24 | Accept |       0.375 |      5451.1 |     0.30556 |     0.39082 |            6 |           11 |            6 |           18 |            2 |            1 |           42 |      0.33658 |   1.5955e-06 |           17 |
|  104 |      24 | Accept |     0.44444 |      3094.7 |     0.30556 |     0.39109 |            4 |           10 |            4 |           49 |            3 |            2 |           64 |      0.20007 |   0.00047181 |           17 |
|  105 |      24 | Accept |     0.34722 |      4606.7 |     0.30556 |     0.38714 |            6 |           11 |            7 |           18 |            2 |            2 |           62 |      0.31009 |   4.3622e-06 |           23 |
|  106 |      24 | Accept |     0.38889 |      1956.6 |     0.30556 |     0.38681 |            4 |           10 |            5 |           49 |            3 |            3 |           34 |      0.28836 |   1.2187e-05 |           24 |
|  107 |      24 | Accept |     0.41667 |      2822.2 |     0.30556 |     0.38694 |            3 |            9 |            3 |           26 |            3 |            2 |           46 |      0.49846 |   1.6365e-05 |           19 |
|  108 |      24 | Accept |     0.43056 |      2745.3 |     0.30556 |     0.38678 |            4 |           12 |            5 |           17 |            3 |            1 |           61 |      0.31833 |    6.642e-06 |           24 |
|  109 |      24 | Accept |     0.34722 |      1709.1 |     0.30556 |     0.38772 |            4 |            9 |            5 |           19 |            3 |            3 |           57 |       0.2807 |   5.9132e-06 |           24 |
|  110 |      24 | Accept |     0.40278 |      2056.4 |     0.30556 |     0.38763 |            3 |           10 |            6 |           23 |            3 |            3 |           42 |      0.31838 |   3.0615e-05 |           24 |
|  111 |      24 | Accept |     0.47222 |      1682.5 |     0.30556 |     0.38753 |            4 |           16 |            5 |           19 |            3 |            3 |           33 |      0.27542 |    2.814e-05 |           24 |
|  112 |      24 | Accept |     0.36111 |      4301.4 |     0.30556 |     0.39656 |            4 |            9 |            4 |           60 |            3 |            2 |           33 |      0.49311 |   2.7662e-06 |           16 |
|  113 |      24 | Accept |     0.40278 |      2262.9 |     0.30556 |     0.38731 |            4 |           14 |            6 |           21 |            3 |            2 |           60 |      0.29936 |   1.2824e-05 |           23 |
|  114 |      24 | Accept |     0.34722 |      1696.7 |     0.30556 |     0.38446 |            3 |           10 |            6 |           35 |            3 |            2 |           44 |      0.28692 |     6.88e-06 |           24 |
|  115 |      24 | Accept |         0.5 |      1519.6 |     0.30556 |     0.38368 |            3 |            9 |            4 |           16 |            3 |            1 |           32 |      0.28343 |   0.00035811 |           16 |
|  116 |      24 | Accept |     0.40278 |      3517.5 |     0.30556 |     0.38349 |            4 |           11 |            6 |           38 |            3 |            3 |           58 |      0.28303 |   5.6705e-06 |           23 |
|  117 |      24 | Accept |         0.5 |      1533.3 |     0.30556 |     0.38258 |            4 |            8 |            3 |           19 |            3 |            1 |           21 |      0.48468 |   4.9109e-05 |           17 |
|  118 |      24 | Accept |     0.44444 |      2243.2 |     0.30556 |     0.38289 |            4 |            9 |            4 |           17 |            3 |            1 |           56 |      0.22756 |   8.5682e-05 |           20 |
|  119 |      24 | Accept |     0.31944 |       14798 |     0.30556 |     0.38269 |            7 |            9 |            7 |           19 |            2 |            3 |           26 |      0.28621 |   1.9456e-06 |           24 |
|  120 |      24 | Accept |     0.41667 |      3637.2 |     0.30556 |     0.38247 |            5 |           12 |            6 |           24 |            3 |            3 |           64 |       0.2728 |   1.5538e-05 |           24 |
|=======================================================================================================================================================================================================================================|
| Iter | Active  | Eval   | Objective   | Objective   | BestSoFar   | BestSoFar   |  FilterSize1 |  NumFilters1 |  FilterSize2 |  NumFilters2 |   StrideVal1 |   StrideVal2 |  FCLayerSize |      Dropout | InitialLearn-| MiniBatchSize|
|      | workers | result |             | runtime     | (observed)  | (estim.)    |              |              |              |              |              |              |              |              | Rate         |              |
|=======================================================================================================================================================================================================================================|
|  121 |      24 | Accept |     0.41667 |      3937.5 |     0.30556 |     0.38226 |            5 |           13 |            6 |           22 |            3 |            3 |           45 |      0.31101 |   6.2784e-06 |           24 |
|  122 |      24 | Accept |         0.5 |      2340.8 |     0.30556 |     0.38211 |            3 |            9 |            4 |           17 |            3 |            1 |           47 |       0.4551 |   0.00027085 |           23 |
|  123 |      24 | Accept |     0.34722 |      4741.4 |     0.30556 |     0.38279 |            7 |           10 |            6 |           16 |            3 |            3 |           46 |      0.28429 |   1.0829e-05 |           24 |
|  124 |      24 | Accept |     0.47222 |        2284 |     0.30556 |     0.38373 |            3 |            9 |            7 |           16 |            3 |            2 |           41 |      0.42865 |   2.6031e-05 |           17 |
|  125 |      24 | Accept |     0.40278 |      5004.2 |     0.30556 |     0.38357 |            7 |           11 |            6 |           30 |            3 |            3 |           43 |      0.26998 |   1.1253e-05 |           24 |
|  126 |      24 | Accept |         0.5 |      3269.3 |     0.30556 |     0.38285 |            4 |            9 |            4 |           19 |            2 |            1 |           32 |      0.20891 |   0.00040828 |           18 |
|  127 |      24 | Accept |     0.38889 |      3688.7 |     0.30556 |      0.3828 |            3 |           10 |            5 |           53 |            3 |            2 |           51 |      0.32108 |    6.748e-06 |           17 |
|  128 |      24 | Accept |     0.44444 |      1513.8 |     0.30556 |     0.38282 |            3 |           11 |            6 |           20 |            3 |            2 |           61 |      0.20275 |   0.00025789 |           19 |
|  129 |      24 | Accept |     0.48611 |      2128.2 |     0.30556 |     0.38211 |            4 |            8 |            4 |           61 |            3 |            1 |           58 |      0.20201 |   0.00015299 |           19 |
|  130 |      24 | Accept |     0.41667 |      3340.2 |     0.30556 |     0.38372 |            3 |            9 |            4 |           20 |            3 |            3 |           55 |      0.48514 |   1.0993e-06 |           22 |
|  131 |      24 | Accept |         0.5 |      2032.8 |     0.30556 |     0.38365 |            4 |            9 |            4 |           16 |            3 |            2 |           48 |      0.47794 |   0.00042534 |           17 |
|  132 |      24 | Accept |         0.5 |      1878.3 |     0.30556 |     0.38407 |            4 |           11 |            6 |           21 |            3 |            3 |           34 |      0.48171 |   0.00041983 |           17 |
|  133 |      24 | Accept |     0.41667 |      4369.1 |     0.30556 |     0.38455 |            3 |           10 |            6 |           54 |            3 |            1 |           44 |      0.20542 |   3.0336e-05 |           24 |
|  134 |      24 | Accept |     0.38889 |      2839.2 |     0.30556 |     0.38602 |            4 |           14 |            6 |           16 |            2 |            1 |           64 |      0.23218 |   4.0065e-05 |           23 |
|  135 |      24 | Accept |       0.375 |      2428.2 |     0.30556 |      0.3858 |            3 |           12 |            3 |           19 |            3 |            3 |           45 |      0.39939 |   8.2232e-05 |           19 |
|  136 |      24 | Accept |     0.44444 |      4834.4 |     0.30556 |     0.38657 |            3 |            8 |            3 |           50 |            3 |            1 |           23 |      0.49664 |   1.3651e-05 |           22 |
|  137 |      24 | Accept |       0.375 |      4240.9 |     0.30556 |     0.38541 |            3 |            9 |            4 |           59 |            3 |            1 |           56 |      0.49827 |   1.3776e-06 |           24 |
|  138 |      24 | Accept |     0.40278 |      3485.7 |     0.30556 |     0.38609 |            3 |           12 |            7 |           19 |            2 |            2 |           26 |      0.49459 |   9.3642e-06 |           19 |
|  139 |      24 | Accept |         0.5 |      4012.4 |     0.30556 |     0.38647 |            4 |           13 |            6 |           20 |            2 |            2 |           54 |      0.20014 |   0.00040175 |           22 |
|  140 |      24 | Accept |     0.43056 |      3095.1 |     0.30556 |     0.38675 |            3 |           15 |            7 |           18 |            2 |            1 |           63 |      0.20817 |   1.3026e-06 |           20 |
|=======================================================================================================================================================================================================================================|
| Iter | Active  | Eval   | Objective   | Objective   | BestSoFar   | BestSoFar   |  FilterSize1 |  NumFilters1 |  FilterSize2 |  NumFilters2 |   StrideVal1 |   StrideVal2 |  FCLayerSize |      Dropout | InitialLearn-| MiniBatchSize|
|      | workers | result |             | runtime     | (observed)  | (estim.)    |              |              |              |              |              |              |              |              | Rate         |              |
|=======================================================================================================================================================================================================================================|
|  141 |      24 | Accept |         0.5 |      1631.7 |     0.30556 |     0.38514 |            3 |           12 |            7 |           20 |            3 |            1 |           23 |      0.34152 |   4.1155e-05 |           21 |
|  142 |      24 | Accept |         0.5 |      5229.7 |     0.30556 |     0.38516 |            4 |           14 |            4 |           20 |            2 |            1 |           28 |      0.37307 |   0.00049691 |           18 |
|  143 |      24 | Accept |     0.40278 |      4810.1 |     0.30556 |     0.38512 |            3 |           14 |            5 |           17 |            2 |            1 |           45 |      0.49593 |     1.95e-06 |           22 |
|  144 |      24 | Accept |     0.47222 |      3740.4 |     0.30556 |      0.3851 |            4 |            9 |            7 |           25 |            3 |            3 |           23 |      0.31943 |   0.00036373 |           19 |
|  145 |      24 | Accept |     0.38889 |      2771.9 |     0.30556 |     0.38501 |            3 |           10 |            3 |           43 |            3 |            2 |           39 |      0.22281 |    1.123e-06 |           19 |
|  146 |      24 | Accept |         0.5 |      2645.4 |     0.30556 |     0.38484 |            4 |            9 |            3 |           17 |            2 |            2 |           54 |       0.2079 |   6.8083e-05 |           20 |
|  147 |      24 | Accept |     0.33333 |      6361.7 |     0.30556 |     0.38544 |            4 |            9 |            6 |           56 |            3 |            3 |           43 |      0.49864 |   1.2821e-06 |           21 |
|  148 |      24 | Accept |         0.5 |      5796.4 |     0.30556 |      0.3866 |            6 |           16 |            5 |           18 |            1 |            1 |           23 |      0.49806 |   0.00033114 |           23 |
|  149 |      24 | Accept |         0.5 |      4092.6 |     0.30556 |     0.38336 |            4 |            9 |            7 |           23 |            2 |            2 |           35 |      0.49566 |    0.0003674 |           19 |
|  150 |      24 | Accept |     0.43056 |      3174.8 |     0.30556 |     0.38314 |            3 |           12 |            5 |           22 |            2 |            1 |           40 |       0.2133 |   6.8438e-06 |           22 |
|  151 |      24 | Accept |     0.36111 |      3285.8 |     0.30556 |     0.38453 |            4 |           10 |            6 |           27 |            3 |            3 |           58 |      0.20571 |   0.00045247 |           18 |
|  152 |      24 | Accept |     0.40278 |      2210.5 |     0.30556 |     0.38455 |            4 |            8 |            3 |           16 |            3 |            3 |           43 |      0.47544 |   7.6049e-06 |           19 |
|  153 |      24 | Accept |     0.40278 |      4147.1 |     0.30556 |     0.38568 |            4 |            8 |            3 |           21 |            2 |            2 |           44 |      0.30815 |   0.00017083 |           16 |
|  154 |      24 | Accept |         0.5 |      5775.8 |     0.30556 |     0.38522 |            6 |           16 |            4 |           21 |            1 |            1 |           29 |      0.20892 |   0.00045053 |           19 |
|  155 |      24 | Accept |     0.41667 |      2526.4 |     0.30556 |     0.38797 |            3 |           16 |            4 |           17 |            2 |            2 |           39 |      0.32901 |   2.6715e-05 |           24 |
|  156 |      24 | Accept |         0.5 |      2992.5 |     0.30556 |     0.38528 |            5 |           10 |            5 |           18 |            2 |            1 |           61 |      0.49792 |   0.00048212 |           19 |
|  157 |      24 | Accept |     0.38889 |      3240.5 |     0.30556 |     0.38532 |            3 |           10 |            4 |           26 |            3 |            1 |           20 |      0.49285 |   1.1934e-06 |           24 |
|  158 |      24 | Accept |     0.54167 |      1755.2 |     0.30556 |     0.38656 |            4 |           10 |            4 |           25 |            3 |            1 |           63 |      0.42277 |    3.476e-05 |           18 |
|  159 |      24 | Accept |       0.375 |        9229 |     0.30556 |      0.3857 |            7 |           10 |            6 |           18 |            1 |            3 |           64 |      0.20092 |   0.00037692 |           19 |
|  160 |      24 | Accept |     0.38889 |      2206.1 |     0.30556 |     0.38768 |            3 |           10 |            4 |           19 |            2 |            1 |           63 |      0.49868 |    1.628e-05 |           23 |
|=======================================================================================================================================================================================================================================|
| Iter | Active  | Eval   | Objective   | Objective   | BestSoFar   | BestSoFar   |  FilterSize1 |  NumFilters1 |  FilterSize2 |  NumFilters2 |   StrideVal1 |   StrideVal2 |  FCLayerSize |      Dropout | InitialLearn-| MiniBatchSize|
|      | workers | result |             | runtime     | (observed)  | (estim.)    |              |              |              |              |              |              |              |              | Rate         |              |
|=======================================================================================================================================================================================================================================|
|  161 |      24 | Accept |     0.45833 |        1794 |     0.30556 |     0.38438 |            3 |            9 |            5 |           19 |            3 |            1 |           38 |      0.22012 |   5.6925e-06 |           23 |
|  162 |      24 | Accept |     0.30556 |      6608.2 |     0.30556 |     0.37969 |            3 |           10 |            4 |           16 |            2 |            2 |           48 |      0.49692 |   1.0051e-06 |           18 |
|  163 |      24 | Accept |     0.40278 |      3711.2 |     0.30556 |      0.3801 |            3 |            8 |            6 |           20 |            3 |            3 |           57 |      0.49757 |   5.0543e-05 |           22 |
|  164 |      24 | Accept |         0.5 |      4899.5 |     0.30556 |     0.37968 |            4 |           11 |            5 |           17 |            2 |            1 |           41 |      0.25482 |   0.00012327 |           17 |
|  165 |      24 | Accept |         0.5 |      1608.2 |     0.30556 |     0.37958 |            3 |            9 |            7 |           21 |            3 |            2 |           64 |      0.33783 |   0.00049665 |           19 |
|  166 |      24 | Accept |     0.41667 |      2173.3 |     0.30556 |     0.38036 |            3 |           12 |            7 |           17 |            3 |            1 |           64 |      0.49201 |   9.2143e-05 |           17 |
|  167 |      24 | Accept |     0.43056 |      2277.2 |     0.30556 |     0.38151 |            3 |           10 |            4 |           35 |            3 |            2 |           61 |      0.23234 |   5.8849e-06 |           22 |
|  168 |      24 | Accept |     0.41667 |      2257.1 |     0.30556 |     0.38146 |            3 |            9 |            3 |           22 |            3 |            1 |           49 |      0.30423 |    1.003e-06 |           23 |
|  169 |      24 | Accept |         0.5 |      7901.9 |     0.30556 |     0.38135 |            5 |           12 |            6 |           16 |            1 |            3 |           39 |      0.47866 |   0.00049461 |           17 |
|  170 |      24 | Accept |     0.41667 |      3600.1 |     0.30556 |      0.3637 |            4 |            9 |            4 |           18 |            2 |            3 |           62 |      0.49065 |   5.3815e-05 |           19 |
|  171 |      24 | Accept |     0.43056 |      4709.8 |     0.30556 |      0.3815 |            3 |           12 |            6 |           24 |            2 |            3 |           18 |      0.21007 |   0.00019961 |           17 |
|  172 |      24 | Accept |     0.38889 |      3013.5 |     0.30556 |     0.38215 |            5 |            9 |            3 |           26 |            3 |            3 |           62 |      0.21717 |    4.905e-06 |           24 |
|  173 |      24 | Accept |     0.34722 |      3665.7 |     0.30556 |     0.35953 |            3 |            8 |            6 |           20 |            3 |            2 |           56 |      0.49606 |   1.2359e-06 |           18 |
|  174 |      24 | Accept |     0.47222 |      7251.8 |     0.30556 |     0.37097 |            4 |           12 |            7 |           31 |            3 |            3 |           29 |      0.48405 |   0.00011191 |           21 |
|  175 |      24 | Accept |     0.38889 |      1434.9 |     0.30556 |     0.37977 |            3 |            9 |            7 |           22 |            3 |            3 |           60 |      0.36773 |   6.5981e-05 |           20 |
|  176 |      24 | Accept |     0.33333 |      2562.1 |     0.30556 |     0.36886 |            4 |            8 |            3 |           19 |            3 |            3 |           34 |       0.4948 |   1.7676e-06 |           17 |
|  177 |      24 | Accept |     0.51389 |      1979.9 |     0.30556 |     0.37031 |            3 |           11 |            4 |           32 |            3 |            2 |           17 |      0.32717 |   1.2237e-06 |           24 |
|  178 |      24 | Accept |     0.44444 |      1572.4 |     0.30556 |     0.37029 |            3 |            8 |            6 |           30 |            3 |            2 |           51 |      0.49703 |   4.0704e-05 |           23 |
|  179 |      24 | Accept |         0.5 |      3191.7 |     0.30556 |     0.36966 |            4 |           11 |            3 |           27 |            3 |            2 |           16 |      0.20753 |   4.9191e-05 |           22 |
|  180 |      24 | Accept |     0.44444 |      1529.8 |     0.30556 |     0.35647 |            3 |           10 |            5 |           16 |            3 |            1 |           57 |      0.27186 |   0.00011815 |           24 |
|=======================================================================================================================================================================================================================================|
| Iter | Active  | Eval   | Objective   | Objective   | BestSoFar   | BestSoFar   |  FilterSize1 |  NumFilters1 |  FilterSize2 |  NumFilters2 |   StrideVal1 |   StrideVal2 |  FCLayerSize |      Dropout | InitialLearn-| MiniBatchSize|
|      | workers | result |             | runtime     | (observed)  | (estim.)    |              |              |              |              |              |              |              |              | Rate         |              |
|=======================================================================================================================================================================================================================================|
|  181 |      24 | Accept |     0.40278 |      5651.7 |     0.30556 |     0.36754 |            6 |            9 |            5 |           18 |            2 |            3 |           61 |      0.48144 |   0.00044393 |           20 |
|  182 |      24 | Accept |     0.34722 |        2600 |     0.30556 |     0.36907 |            5 |           11 |            3 |           18 |            3 |            1 |           59 |      0.42509 |   2.2454e-06 |           22 |
|  183 |      24 | Accept |     0.40278 |      3141.9 |     0.30556 |     0.36864 |            3 |           14 |            5 |           24 |            3 |            1 |           17 |      0.49541 |   3.8441e-06 |           23 |
|  184 |      24 | Accept |     0.45833 |      2314.5 |     0.30556 |     0.37528 |            3 |            9 |            6 |           24 |            3 |            2 |           34 |      0.48438 |   1.0824e-06 |           24 |
|  185 |      24 | Accept |       0.375 |      3426.2 |     0.30556 |     0.38253 |            4 |            9 |            3 |           28 |            3 |            3 |           17 |      0.20307 |     1.34e-06 |           22 |
|  186 |      24 | Accept |     0.43056 |      2495.2 |     0.30556 |     0.38251 |            3 |           14 |            5 |           21 |            3 |            2 |           18 |      0.21341 |   1.6514e-05 |           21 |
|  187 |      24 | Accept |     0.38889 |      1208.4 |     0.30556 |     0.38233 |            3 |            9 |            4 |           20 |            3 |            1 |           39 |      0.40238 |   3.3296e-06 |           23 |
|  188 |      24 | Accept |       0.375 |        2104 |     0.30556 |     0.38309 |            3 |           10 |            7 |           20 |            3 |            3 |           63 |      0.21967 |    3.197e-06 |           19 |
|  189 |      24 | Accept |     0.40278 |      3427.8 |     0.30556 |     0.38273 |            3 |            8 |            6 |           33 |            3 |            2 |           63 |      0.21657 |   1.1211e-06 |           17 |
|  190 |      24 | Accept |     0.44444 |      2881.1 |     0.30556 |     0.38272 |            3 |           11 |            7 |           17 |            3 |            2 |           22 |      0.21667 |   1.6746e-06 |           18 |
|  191 |      24 | Accept |     0.41667 |      1767.2 |     0.30556 |     0.38284 |            3 |            8 |            4 |           20 |            3 |            3 |           19 |      0.35111 |   9.2564e-05 |           17 |
|  192 |      24 | Accept |       0.375 |      1721.4 |     0.30556 |     0.38312 |            3 |            8 |            3 |           22 |            3 |            3 |           26 |      0.41883 |   1.9716e-05 |           23 |
|  193 |      24 | Accept |     0.38889 |      1244.5 |     0.30556 |     0.38302 |            3 |            9 |            3 |           18 |            3 |            1 |           58 |      0.21158 |   4.5208e-06 |           19 |
|  194 |      24 | Accept |       0.375 |      4065.2 |     0.30556 |      0.3831 |            4 |           12 |            6 |           61 |            3 |            3 |           38 |      0.21205 |   1.7334e-05 |           20 |
|  195 |      24 | Accept |     0.47222 |      2836.5 |     0.30556 |     0.38403 |            3 |           10 |            7 |           17 |            3 |            3 |           31 |      0.39681 |     1.92e-06 |           24 |
|  196 |      24 | Accept |     0.41667 |      2273.7 |     0.30556 |     0.38401 |            4 |           13 |            3 |           17 |            3 |            2 |           17 |      0.21705 |   0.00030341 |           21 |
|  197 |      24 | Accept |     0.38889 |      3958.5 |     0.30556 |     0.38396 |            3 |           15 |            3 |           17 |            3 |            3 |           41 |      0.43426 |   4.3158e-06 |           18 |
|  198 |      24 | Accept |       0.375 |      4629.8 |     0.30556 |     0.38355 |            3 |           11 |            5 |           23 |            3 |            2 |           60 |      0.30739 |   1.0164e-06 |           18 |
|  199 |      24 | Accept |     0.48611 |      1297.4 |     0.30556 |     0.38365 |            4 |            8 |            3 |           16 |            3 |            2 |           60 |      0.49925 |    0.0001554 |           16 |
|  200 |      24 | Accept |         0.5 |      9233.1 |     0.30556 |     0.38329 |            7 |           15 |            6 |           19 |            1 |            1 |           27 |      0.24731 |   6.4846e-05 |           21 |

__________________________________________________________
Optimization completed.
MaxObjectiveEvaluations of 200 reached.
Total function evaluations: 200
Total elapsed time: 57511.4878 seconds
Total objective function evaluation time: 849864.3515

Best observed feasible point:
    FilterSize1    NumFilters1    FilterSize2    NumFilters2    StrideVal1    StrideVal2    FCLayerSize    Dropout    InitialLearnRate    MiniBatchSize
    ___________    ___________    ___________    ___________    __________    __________    ___________    _______    ________________    _____________

         6             13              6             21             3             3             34         0.2861        7.1312e-06            24      

Observed objective function value = 0.30556
Estimated objective function value = 0.39835
Function evaluation time = 5554.0839

Best estimated feasible point (according to models):
    FilterSize1    NumFilters1    FilterSize2    NumFilters2    StrideVal1    StrideVal2    FCLayerSize    Dropout    InitialLearnRate    MiniBatchSize
    ___________    ___________    ___________    ___________    __________    __________    ___________    _______    ________________    _____________

         6             16              3             25             3             2             57         0.36391       1.6356e-06            20      

Estimated objective function value = 0.38329
Estimated function evaluation time = 6002.4514

Parallel pool using the 'Processes' profile is shutting down.
